<?xml version="1.0" encoding="UTF-8"?>
<!-- Generated by org.testng.reporters.JUnitXMLReporter -->
<testsuite hostname="DESKTOP-2G8R26A" ignored="0" name="Test" tests="5" failures="0" timestamp="2020-01-19T13:45:07 IST" time="17.74" errors="0">
  <testcase name="@AfterMethod cleanup" time="2.313" classname="com.testNGpack.Dataproviderdemo">
    <failure type="org.openqa.selenium.WebDriverException" message="chrome not reachable
  (Session info: chrome=79.0.3945.130)
Build info: version: &amp;apos;3.141.59&amp;apos;, revision: &amp;apos;e82be7d358&amp;apos;, time: &amp;apos;2018-11-14T08:25:53&amp;apos;
System info: host: &amp;apos;DESKTOP-2G8R26A&amp;apos;, ip: &amp;apos;192.168.0.121&amp;apos;, os.name: &amp;apos;Windows 10&amp;apos;, os.arch: &amp;apos;amd64&amp;apos;, os.version: &amp;apos;10.0&amp;apos;, java.version: &amp;apos;1.8.0_221&amp;apos;
Driver info: org.openqa.selenium.chrome.ChromeDriver
Capabilities {acceptInsecureCerts: false, browserName: chrome, browserVersion: 79.0.3945.130, chrome: {chromedriverVersion: 78.0.3904.105 (60e2d8774a81..., userDataDir: C:\Users\Dell\AppData\Local...}, goog:chromeOptions: {debuggerAddress: localhost:54919}, javascriptEnabled: true, networkConnectionEnabled: false, pageLoadStrategy: normal, platform: XP, platformName: XP, proxy: Proxy(), setWindowRect: true, strictFileInteractability: false, timeouts: {implicit: 0, pageLoad: 300000, script: 30000}, unhandledPromptBehavior: dismiss and notify}
Session ID: f0a2f8628211d29adfa65cc9f2ef0757">
      <![CDATA[org.openqa.selenium.WebDriverException: chrome not reachable
  (Session info: chrome=79.0.3945.130)
Build info: version: '3.141.59', revision: 'e82be7d358', time: '2018-11-14T08:25:53'
System info: host: 'DESKTOP-2G8R26A', ip: '192.168.0.121', os.name: 'Windows 10', os.arch: 'amd64', os.version: '10.0', java.version: '1.8.0_221'
Driver info: org.openqa.selenium.chrome.ChromeDriver
Capabilities {acceptInsecureCerts: false, browserName: chrome, browserVersion: 79.0.3945.130, chrome: {chromedriverVersion: 78.0.3904.105 (60e2d8774a81..., userDataDir: C:\Users\Dell\AppData\Local...}, goog:chromeOptions: {debuggerAddress: localhost:54919}, javascriptEnabled: true, networkConnectionEnabled: false, pageLoadStrategy: normal, platform: XP, platformName: XP, proxy: Proxy(), setWindowRect: true, strictFileInteractability: false, timeouts: {implicit: 0, pageLoad: 300000, script: 30000}, unhandledPromptBehavior: dismiss and notify}
Session ID: f0a2f8628211d29adfa65cc9f2ef0757
at org.openqa.selenium.remote.http.W3CHttpResponseCodec.createException(W3CHttpResponseCodec.java:187)
at org.openqa.selenium.remote.http.W3CHttpResponseCodec.decode(W3CHttpResponseCodec.java:122)
at org.openqa.selenium.remote.http.W3CHttpResponseCodec.decode(W3CHttpResponseCodec.java:49)
at org.openqa.selenium.remote.HttpCommandExecutor.execute(HttpCommandExecutor.java:158)
at org.openqa.selenium.remote.service.DriverCommandExecutor.execute(DriverCommandExecutor.java:83)
at org.openqa.selenium.remote.RemoteWebDriver.execute(RemoteWebDriver.java:552)
at org.openqa.selenium.remote.RemoteWebDriver.execute(RemoteWebDriver.java:609)
at org.openqa.selenium.remote.RemoteWebDriver.close(RemoteWebDriver.java:442)
at com.testNGpack.Dataproviderdemo.cleanup(Dataproviderdemo.java:73)
at java.util.ArrayList.forEach(ArrayList.java:1257)
... Removed 36 stack frames]]>
    </failure>
  </testcase> <!-- @AfterMethod cleanup -->
  <testcase name="@BeforeMethod setup" time="-1.579421706954E9" classname="com.testNGpack.Dataproviderdemo">
    <skipped/>
  </testcase> <!-- @BeforeMethod setup -->
  <testcase name="@AfterMethod cleanup" time="-1.579421707029E9" classname="com.testNGpack.Dataproviderdemo">
    <skipped/>
  </testcase> <!-- @AfterMethod cleanup -->
  <testcase name="@BeforeMethod setup" time="-1.579421707032E9" classname="com.testNGpack.Dataproviderdemo">
    <skipped/>
  </testcase> <!-- @BeforeMethod setup -->
  <testcase name="@AfterMethod cleanup" time="-1.579421707047E9" classname="com.testNGpack.Dataproviderdemo">
    <skipped/>
  </testcase> <!-- @AfterMethod cleanup -->
  <testcase name="@BeforeMethod setup" time="-1.579421707053E9" classname="com.testNGpack.Dataproviderdemo">
    <skipped/>
  </testcase> <!-- @BeforeMethod setup -->
  <testcase name="@AfterMethod cleanup" time="-1.579421707144E9" classname="com.testNGpack.Dataproviderdemo">
    <skipped/>
  </testcase> <!-- @AfterMethod cleanup -->
  <testcase name="@BeforeMethod setup" time="-1.579421707158E9" classname="com.testNGpack.Dataproviderdemo">
    <skipped/>
  </testcase> <!-- @BeforeMethod setup -->
  <testcase name="@AfterMethod cleanup" time="-1.579421707205E9" classname="com.testNGpack.Dataproviderdemo">
    <skipped/>
  </testcase> <!-- @AfterMethod cleanup -->
  <testcase name="Titletest" time="1.661" classname="com.testNGpack.Dataproviderdemo">
    <skipped/>
  </testcase> <!-- Titletest -->
  <testcase name="Titletest" time="0.0" classname="com.testNGpack.Dataproviderdemo">
    <skipped/>
  </testcase> <!-- Titletest -->
  <testcase name="Titletest" time="0.0" classname="com.testNGpack.Dataproviderdemo">
    <skipped/>
  </testcase> <!-- Titletest -->
  <testcase name="Titletest" time="0.0" classname="com.testNGpack.Dataproviderdemo">
    <skipped/>
  </testcase> <!-- Titletest -->
  <testcase name="Titletest" time="0.0" classname="com.testNGpack.Dataproviderdemo">
    <skipped/>
  </testcase> <!-- Titletest -->
</testsuite> <!-- Test -->
